src/app/activity/screenshots/10min/page.tsx(15,3): error TS6133: 'generateMemberInsight' is declared but its value is never read.
src/app/activity/screenshots/10min/page.tsx(16,3): error TS6133: 'generateMemberAppActivities' is declared but its value is never read.
src/app/activity/screenshots/10min/page.tsx(17,3): error TS6133: 'generateMemberUrlActivities' is declared but its value is never read.
src/app/activity/screenshots/10min/page.tsx(18,3): error TS6133: 'MemberInsightSummary' is declared but its value is never read.
src/app/activity/screenshots/10min/page.tsx(21,15): error TS2305: Module '"@/interface"' has no exported member 'IScreenshotWithActivity'.
src/app/activity/screenshots/10min/page.tsx(88,42): error TS18048: 'item' is possibly 'undefined'.
src/app/activity/screenshots/10min/page.tsx(97,49): error TS2345: Argument of type 'number | null' is not assignable to parameter of type 'number'.
  Type 'null' is not assignable to type 'number'.
src/app/activity/screenshots/10min/page.tsx(99,23): error TS2322: Type 'MemberScreenshotItem | undefined' is not assignable to type 'MemberScreenshotItem'.
  Type 'undefined' is not assignable to type 'MemberScreenshotItem'.
src/app/settings/app-url/page.tsx(39,9): error TS2304: Cannot find name 'setIsLoading'.
src/app/settings/app-url/page.tsx(83,9): error TS2304: Cannot find name 'setIsLoading'.
src/app/settings/screenshot/delete/page.tsx(76,9): error TS6133: 'setGlobalDeleteSetting' is declared but its value is never read.
